Processor Settings
D: 1
k0: 1
k1: 1
k2: 1
F: 8
M: 2
C: 4

Processor stats:
Avg inst fired per cycle: 0.799987
Total instructions: 95332
Total run time (cycles): 119167
Processor Settings
D: 4
k0: 3
k1: 3
k2: 3
F: 8
M: 8
C: 8

Processor stats:
Avg inst fired per cycle: 5.330873
Total instructions: 95332
Total run time (cycles): 17883

===========================

Processor Settings
D: 1
k0: 3
k1: 3
k2: 3
F: 8
M: 8
C: 8

Processor stats:
Avg inst fired per cycle: 5.330873
Total instructions: 95332
Total run time (cycles): 17883
Processor Settings
D: 2
k0: 3
k1: 3
k2: 3
F: 8
M: 8
C: 8

Processor stats:
Avg inst fired per cycle: 5.330873
Total instructions: 95332
Total run time (cycles): 17883
Processor Settings
D: 4
k0: 3
k1: 3
k2: 3
F: 8
M: 8
C: 8

Processor stats:
Avg inst fired per cycle: 5.330873
Total instructions: 95332
Total run time (cycles): 17883

===========================

Processor Settings
D: 1
k0: 3
k1: 3
k2: 3
F: 8
M: 2
C: 8

Processor stats:
Avg inst fired per cycle: 1.999874
Total instructions: 95332
Total run time (cycles): 47669
Processor Settings
D: 1
k0: 3
k1: 3
k2: 3
F: 8
M: 4
C: 8

Processor stats:
Avg inst fired per cycle: 3.691319
Total instructions: 95332
Total run time (cycles): 25826
Processor Settings
D: 1
k0: 3
k1: 3
k2: 3
F: 8
M: 8
C: 8

Processor stats:
Avg inst fired per cycle: 5.330873
Total instructions: 95332
Total run time (cycles): 17883

===========================

Processor Settings
D: 1
k0: 3
k1: 3
k2: 3
F: 8
M: 8
C: 4

Processor stats:
Avg inst fired per cycle: 3.998490
Total instructions: 95332
Total run time (cycles): 23842
Processor Settings
D: 1
k0: 3
k1: 3
k2: 3
F: 8
M: 8
C: 6

Processor stats:
Avg inst fired per cycle: 5.330873
Total instructions: 95332
Total run time (cycles): 17883
Processor Settings
D: 1
k0: 3
k1: 3
k2: 3
F: 8
M: 8
C: 8

Processor stats:
Avg inst fired per cycle: 5.330873
Total instructions: 95332
Total run time (cycles): 17883

===========================

Processor Settings
D: 1
k0: 1
k1: 1
k2: 1
F: 8
M: 8
C: 6

Processor stats:
Avg inst fired per cycle: 1.777653
Total instructions: 95332
Total run time (cycles): 53628
Processor Settings
D: 1
k0: 2
k1: 1
k2: 1
F: 8
M: 8
C: 6

Processor stats:
Avg inst fired per cycle: 3.199275
Total instructions: 95332
Total run time (cycles): 29798
Processor Settings
D: 1
k0: 3
k1: 1
k2: 1
F: 8
M: 8
C: 6

Processor stats:
Avg inst fired per cycle: 3.199275
Total instructions: 95332
Total run time (cycles): 29798

===========================


===========================

Processor Settings
D: 1
k0: 1
k1: 1
k2: 1
F: 8
M: 8
C: 6

Processor stats:
Avg inst fired per cycle: 1.777653
Total instructions: 95332
Total run time (cycles): 53628
Processor Settings
D: 1
k0: 1
k1: 1
k2: 2
F: 8
M: 8
C: 6

Processor stats:
Avg inst fired per cycle: 1.777653
Total instructions: 95332
Total run time (cycles): 53628
Processor Settings
D: 1
k0: 1
k1: 1
k2: 3
F: 8
M: 8
C: 6

Processor stats:
Avg inst fired per cycle: 1.777653
Total instructions: 95332
Total run time (cycles): 53628

===========================

Processor Settings
D: 1
k0: 3
k1: 2
k2: 1
F: 8
M: 8
C: 6

Processor stats:
Avg inst fired per cycle: 3.199275
Total instructions: 95332
Total run time (cycles): 29798
Processor Settings
D: 1
k0: 3
k1: 1
k2: 2
F: 8
M: 8
C: 6

Processor stats:
Avg inst fired per cycle: 5.330873
Total instructions: 95332
Total run time (cycles): 17883
Processor Settings
D: 1
k0: 2
k1: 1
k2: 2
F: 8
M: 8
C: 6

Processor stats:
Avg inst fired per cycle: 3.554644
Total instructions: 95332
Total run time (cycles): 26819

===========================

Processor Settings
D: 1
k0: 3
k1: 1
k2: 2
F: 8
M: 8
C: 4

Processor stats:
Avg inst fired per cycle: 3.998490
Total instructions: 95332
Total run time (cycles): 23842
