Processor Settings
D: 1
k0: 1
k1: 1
k2: 1
F: 6
M: 2
C: 4

Processor stats:
Avg inst fired per cycle: 0.557968
Total instructions: 58470
Total run time (cycles): 104791
Processor Settings
D: 4
k0: 3
k1: 3
k2: 3
F: 6
M: 8
C: 8

Processor stats:
Avg inst fired per cycle: 3.318953
Total instructions: 58470
Total run time (cycles): 17617

===========================

Processor Settings
D: 1
k0: 3
k1: 3
k2: 3
F: 6
M: 8
C: 8

Processor stats:
Avg inst fired per cycle: 3.318953
Total instructions: 58470
Total run time (cycles): 17617
Processor Settings
D: 2
k0: 3
k1: 3
k2: 3
F: 6
M: 8
C: 8

Processor stats:
Avg inst fired per cycle: 3.318953
Total instructions: 58470
Total run time (cycles): 17617
Processor Settings
D: 4
k0: 3
k1: 3
k2: 3
F: 6
M: 8
C: 8

Processor stats:
Avg inst fired per cycle: 3.318953
Total instructions: 58470
Total run time (cycles): 17617

===========================

Processor Settings
D: 1
k0: 3
k1: 3
k2: 3
F: 6
M: 2
C: 8

Processor stats:
Avg inst fired per cycle: 1.505252
Total instructions: 58470
Total run time (cycles): 38844
Processor Settings
D: 1
k0: 3
k1: 3
k2: 3
F: 6
M: 4
C: 8

Processor stats:
Avg inst fired per cycle: 2.653626
Total instructions: 58470
Total run time (cycles): 22034
Processor Settings
D: 1
k0: 3
k1: 3
k2: 3
F: 6
M: 8
C: 8

Processor stats:
Avg inst fired per cycle: 3.318953
Total instructions: 58470
Total run time (cycles): 17617

===========================

Processor Settings
D: 1
k0: 3
k1: 3
k2: 3
F: 6
M: 8
C: 4

Processor stats:
Avg inst fired per cycle: 3.308811
Total instructions: 58470
Total run time (cycles): 17671
Processor Settings
D: 1
k0: 3
k1: 3
k2: 3
F: 6
M: 8
C: 6

Processor stats:
Avg inst fired per cycle: 3.318953
Total instructions: 58470
Total run time (cycles): 17617
Processor Settings
D: 1
k0: 3
k1: 3
k2: 3
F: 6
M: 8
C: 8

Processor stats:
Avg inst fired per cycle: 3.318953
Total instructions: 58470
Total run time (cycles): 17617

===========================

Processor Settings
D: 1
k0: 1
k1: 3
k2: 3
F: 6
M: 8
C: 6

Processor stats:
Avg inst fired per cycle: 1.118872
Total instructions: 58470
Total run time (cycles): 52258
Processor Settings
D: 1
k0: 2
k1: 3
k2: 3
F: 6
M: 8
C: 6

Processor stats:
Avg inst fired per cycle: 2.228193
Total instructions: 58470
Total run time (cycles): 26241
Processor Settings
D: 1
k0: 3
k1: 3
k2: 3
F: 6
M: 8
C: 6

Processor stats:
Avg inst fired per cycle: 3.318953
Total instructions: 58470
Total run time (cycles): 17617

===========================

Processor Settings
D: 1
k0: 3
k1: 1
k2: 3
F: 6
M: 8
C: 6

Processor stats:
Avg inst fired per cycle: 3.318953
Total instructions: 58470
Total run time (cycles): 17617
Processor Settings
D: 1
k0: 3
k1: 2
k2: 3
F: 6
M: 8
C: 6

Processor stats:
Avg inst fired per cycle: 3.318953
Total instructions: 58470
Total run time (cycles): 17617
Processor Settings
D: 1
k0: 3
k1: 3
k2: 3
F: 6
M: 8
C: 6

Processor stats:
Avg inst fired per cycle: 3.318953
Total instructions: 58470
Total run time (cycles): 17617

===========================

Processor Settings
D: 1
k0: 3
k1: 3
k2: 1
F: 6
M: 8
C: 6

Processor stats:
Avg inst fired per cycle: 3.302084
Total instructions: 58470
Total run time (cycles): 17707
Processor Settings
D: 1
k0: 3
k1: 3
k2: 2
F: 6
M: 8
C: 6

Processor stats:
Avg inst fired per cycle: 3.318953
Total instructions: 58470
Total run time (cycles): 17617
Processor Settings
D: 1
k0: 3
k1: 3
k2: 3
F: 6
M: 8
C: 6

Processor stats:
Avg inst fired per cycle: 3.318953
Total instructions: 58470
Total run time (cycles): 17617

===========================

Processor Settings
D: 1
k0: 3
k1: 1
k2: 2
F: 6
M: 8
C: 6

Processor stats:
Avg inst fired per cycle: 3.318953
Total instructions: 58470
Total run time (cycles): 17617
Processor Settings
D: 1
k0: 3
k1: 1
k2: 1
F: 6
M: 8
C: 6

Processor stats:
Avg inst fired per cycle: 3.302084
Total instructions: 58470
Total run time (cycles): 17707
Processor Settings
D: 1
k0: 2
k1: 1
k2: 2
F: 6
M: 8
C: 6

Processor stats:
Avg inst fired per cycle: 2.228193
Total instructions: 58470
Total run time (cycles): 26241

===========================

Processor Settings
D: 1
k0: 3
k1: 1
k2: 2
F: 6
M: 2
C: 6

Processor stats:
Avg inst fired per cycle: 1.505252
Total instructions: 58470
Total run time (cycles): 38844
Processor Settings
D: 1
k0: 3
k1: 1
k2: 2
F: 6
M: 4
C: 6

Processor stats:
Avg inst fired per cycle: 2.653626
Total instructions: 58470
Total run time (cycles): 22034

===========================

Processor Settings
D: 1
k0: 3
k1: 1
k2: 2
F: 6
M: 8
C: 4

Processor stats:
Avg inst fired per cycle: 3.308811
Total instructions: 58470
Total run time (cycles): 17671
Processor Settings
D: 1
k0: 3
k1: 1
k2: 1
F: 6
M: 8
C: 4

Processor stats:
Avg inst fired per cycle: 3.301898
Total instructions: 58470
Total run time (cycles): 17708
